Symbol range map extraction starting
Processing 101 files
processing me\geesy\remainder\Client.java
processing me\geesy\remainder\cosmetic\Cosmetic.java
processing me\geesy\remainder\cosmetic\CosmeticBase.java
processing me\geesy\remainder\cosmetic\CosmeticBoolean.java
processing me\geesy\remainder\cosmetic\CosmeticModelBase.java
processing me\geesy\remainder\cosmetic\gui\CapeGui.java
processing me\geesy\remainder\cosmetic\impl\CosmeticDragonWings.java
processing me\geesy\remainder\cosmetic\impl\CosmeticLightningCape.java
processing me\geesy\remainder\cosmetic\impl\CosmeticRickrollCape.java
processing me\geesy\remainder\cosmetic\impl\CosmeticSkyCape.java
processing me\geesy\remainder\cosmetic\impl\CosmeticSkyCapeTwo.java
processing me\geesy\remainder\cosmetic\impl\CosmeticSnowyCape.java
processing me\geesy\remainder\cosmetic\impl\CosmeticSummerCape.java
processing me\geesy\remainder\event\ArrayHelper.java
processing me\geesy\remainder\event\Data.java
processing me\geesy\remainder\event\Event.java
processing me\geesy\remainder\event\EventManager.java
processing me\geesy\remainder\event\EventTarget.java
processing me\geesy\remainder\event\Priority.java
processing me\geesy\remainder\event\impl\ClientTick.java
processing me\geesy\remainder\event\impl\EventRenderPlayer.java
processing me\geesy\remainder\event\impl\EventUpdate.java
processing me\geesy\remainder\io\Config.java
processing me\geesy\remainder\io\Configuration.java
processing me\geesy\remainder\io\ConfigurationAPI.java
processing me\geesy\remainder\managers\Category.java
processing me\geesy\remainder\managers\HudManager.java
processing me\geesy\remainder\managers\HudMod.java
processing me\geesy\remainder\managers\Mod.java
processing me\geesy\remainder\managers\ModManager.java
processing me\geesy\remainder\mixin\MixinAbstractResourcePack.java
processing me\geesy\remainder\mixin\MixinEntityPlayer.java
processing me\geesy\remainder\mixin\MixinEntityPlayerSP.java
processing me\geesy\remainder\mixin\MixinGameSettings.java
processing me\geesy\remainder\mixin\MixinGui.java
processing me\geesy\remainder\mixin\MixinGuiIngame.java
processing me\geesy\remainder\mixin\MixinGuiIngameMenu.java
processing me\geesy\remainder\mixin\MixinGuiMainMenu.java
processing me\geesy\remainder\mixin\MixinIKeyBinding.java
processing me\geesy\remainder\mixin\MixinItemRenderer.java
processing me\geesy\remainder\mixin\MixinMinecraft.java
processing me\geesy\remainder\mixin\MixinNetHandlerPlayClient.java
processing me\geesy\remainder\mixin\MixinRenderPlayer.java
processing me\geesy\remainder\mixin\Tweaker.java
processing me\geesy\remainder\mixin\accessor\AccessorRender.java
processing me\geesy\remainder\mixin\accessor\AccessorSession.java
processing me\geesy\remainder\mixin\accessor\AccessorShaderGroup.java
processing me\geesy\remainder\mixin\accessor\AccessorTimer.java
processing me\geesy\remainder\mixin\interfaces\IEntityRenderer.java
processing me\geesy\remainder\modules\CustomZoom.java
processing me\geesy\remainder\modules\FlyBoostMod.java
processing me\geesy\remainder\modules\FullBright.java
processing me\geesy\remainder\modules\Perspective.java
processing me\geesy\remainder\modules\ToggleSprint.java
processing me\geesy\remainder\modules\hud\ArmorStatusMod.java
processing me\geesy\remainder\modules\hud\AutoGLHFMod.java
processing me\geesy\remainder\modules\hud\Brightness.java
processing me\geesy\remainder\modules\hud\CPSMod.java
processing me\geesy\remainder\modules\hud\FPSMod.java
processing me\geesy\remainder\modules\hud\FlyBoost.java
processing me\geesy\remainder\modules\hud\FontMod.java
processing me\geesy\remainder\modules\hud\ItemPhysics.java
processing me\geesy\remainder\modules\hud\Keystrokes.java
processing me\geesy\remainder\modules\hud\MotionBlur.java
processing me\geesy\remainder\modules\hud\NoHurtCam.java
processing me\geesy\remainder\modules\hud\PackdisplayMod.java
processing me\geesy\remainder\modules\hud\Ping.java
processing me\geesy\remainder\modules\hud\PotCounter.java
processing me\geesy\remainder\modules\hud\PotStatus.java
processing me\geesy\remainder\modules\hud\SessionInfoMod.java
processing me\geesy\remainder\modules\hud\SlowArm.java
processing me\geesy\remainder\modules\hud\SmallItem.java
processing me\geesy\remainder\modules\hud\SnaplookMod.java
processing me\geesy\remainder\modules\hud\TargetHUD.java
processing me\geesy\remainder\modules\hud\TimeChangerMod.java
processing me\geesy\remainder\modules\hud\ToggleSprintMod.java
processing me\geesy\remainder\modules\hud\VapeOverlayMod.java
processing me\geesy\remainder\modules\hud\WatermarkMod.java
processing me\geesy\remainder\modules\hud\Xyz.java
processing me\geesy\remainder\ui\clickgui\FeatherClickGUI.java
processing me\geesy\remainder\ui\clickgui\comp\FeatherCard.java
processing me\geesy\remainder\ui\configscreen\DraggableComponent.java
processing me\geesy\remainder\ui\configscreen\HUDConfigScreen.java
processing me\geesy\remainder\ui\loginfield\AltManagerGui.java
processing me\geesy\remainder\ui\loginfield\GuiLogin.java
processing me\geesy\remainder\ui\loginfield\microsoft\GuiLoginMicrosoft.java
processing me\geesy\remainder\ui\loginfield\mojang\GuiLoginMojang.java
processing me\geesy\remainder\ui\mainmenu\MainMenu.java
processing me\geesy\remainder\ui\mainmenu\util\MenuButton.java
processing me\geesy\remainder\ui\util\BlurUtil.java
processing me\geesy\remainder\ui\util\GlUtil.java
processing me\geesy\remainder\ui\util\RenderUtil.java
processing me\geesy\remainder\util\AnimatedResourceLocation.java
processing me\geesy\remainder\util\AntiCheat.java
processing me\geesy\remainder\util\ChatUtil.java
processing me\geesy\remainder\util\Keybinds.java
processing me\geesy\remainder\util\Logger.java
processing me\geesy\remainder\util\SessionChanger.java
processing me\geesy\remainder\util\font\CFont.java
processing me\geesy\remainder\util\font\FontUtil.java
processing me\geesy\remainder\util\font\MinecraftFontRenderer.java
