[16:13:23] [main/INFO]: Extra: [--tweakClass, me.geesy.remainder.mixin.Tweaker]
[16:13:23] [main/INFO]: Running with arguments: [--userProperties, {}, --assetsDir, C:/Users/chik3/.gradle/caches/minecraft/assets, --assetIndex, 1.8, --accessToken{REDACTED}, --version, 1.8.9, --tweakClass, me.geesy.remainder.mixin.Tweaker]
[16:13:23] [main/INFO]: Loading tweak class name me.geesy.remainder.mixin.Tweaker
[16:13:23] [main/INFO]: Using primary tweak class name me.geesy.remainder.mixin.Tweaker
[16:13:23] [main/INFO]: Calling tweak class me.geesy.remainder.mixin.Tweaker
[16:13:23] [main/INFO]: SpongePowered MIXIN Subsystem Version=0.7.11 Source=file:/C:/Users/chik3/.gradle/caches/modules-2/files-2.1/org.spongepowered/mixin/0.7.11-SNAPSHOT/7a670207bdb97db418118ad1e9bb42424ff3776d/mixin-0.7.11-SNAPSHOT.jar Service=LaunchWrapper Env=UNKNOWN
[16:13:23] [main/INFO]: FML platform manager could not load class cpw.mods.fml.relauncher.CoreModManager. Proceeding without FML support.
[16:13:23] [main/WARN]: MixinEnvironment::addConfiguration is deprecated and will be removed. Use Mixins::addConfiguration instead!
[16:13:23] [main/INFO]: Compatibility level set to JAVA_8
[16:13:23] [main/INFO]: Loading tweak class name org.spongepowered.asm.mixin.EnvironmentStateTweaker
[16:13:23] [main/INFO]: Calling tweak class org.spongepowered.asm.mixin.EnvironmentStateTweaker
[16:13:23] [main/WARN]: Reference map 'mixins.remainder.refmap.json' for mixins.remainder.json could not be read. If this is a development environment you can ignore this message
[16:13:23] [main/ERROR]: Classloader restrictions [PACKAGE_CLASSLOADER_EXCLUSION] encountered loading mixins.remainder.json:MixinAbstractResourcePack, name: me.geesy.remainder.mixin.MixinAbstractResourcePack
[16:13:23] [main/ERROR]: Classloader restrictions [PACKAGE_CLASSLOADER_EXCLUSION] encountered loading mixins.remainder.json:MixinEntityPlayer, name: me.geesy.remainder.mixin.MixinEntityPlayer
[16:13:23] [main/ERROR]: Classloader restrictions [PACKAGE_CLASSLOADER_EXCLUSION] encountered loading mixins.remainder.json:MixinEntityPlayerSP, name: me.geesy.remainder.mixin.MixinEntityPlayerSP
[16:13:23] [main/ERROR]: Classloader restrictions [PACKAGE_CLASSLOADER_EXCLUSION] encountered loading mixins.remainder.json:MixinGameSettings, name: me.geesy.remainder.mixin.MixinGameSettings
[16:13:23] [main/ERROR]: Classloader restrictions [PACKAGE_CLASSLOADER_EXCLUSION] encountered loading mixins.remainder.json:MixinGui, name: me.geesy.remainder.mixin.MixinGui
[16:13:23] [main/ERROR]: Classloader restrictions [PACKAGE_CLASSLOADER_EXCLUSION] encountered loading mixins.remainder.json:MixinGuiIngame, name: me.geesy.remainder.mixin.MixinGuiIngame
[16:13:23] [main/ERROR]: Classloader restrictions [PACKAGE_CLASSLOADER_EXCLUSION] encountered loading mixins.remainder.json:MixinGuiIngameMenu, name: me.geesy.remainder.mixin.MixinGuiIngameMenu
[16:13:23] [main/ERROR]: Classloader restrictions [PACKAGE_CLASSLOADER_EXCLUSION] encountered loading mixins.remainder.json:MixinGuiMainMenu, name: me.geesy.remainder.mixin.MixinGuiMainMenu
[16:13:23] [main/ERROR]: Classloader restrictions [PACKAGE_CLASSLOADER_EXCLUSION] encountered loading mixins.remainder.json:MixinIKeyBinding, name: me.geesy.remainder.mixin.MixinIKeyBinding
[16:13:23] [main/ERROR]: Classloader restrictions [PACKAGE_CLASSLOADER_EXCLUSION] encountered loading mixins.remainder.json:MixinItemRenderer, name: me.geesy.remainder.mixin.MixinItemRenderer
[16:13:23] [main/ERROR]: Classloader restrictions [PACKAGE_CLASSLOADER_EXCLUSION] encountered loading mixins.remainder.json:MixinMinecraft, name: me.geesy.remainder.mixin.MixinMinecraft
[16:13:23] [main/ERROR]: Classloader restrictions [PACKAGE_CLASSLOADER_EXCLUSION] encountered loading mixins.remainder.json:MixinNetHandlerPlayClient, name: me.geesy.remainder.mixin.MixinNetHandlerPlayClient
[16:13:23] [main/ERROR]: Classloader restrictions [PACKAGE_CLASSLOADER_EXCLUSION] encountered loading mixins.remainder.json:MixinRenderPlayer, name: me.geesy.remainder.mixin.MixinRenderPlayer
[16:13:23] [main/ERROR]: Classloader restrictions [PACKAGE_CLASSLOADER_EXCLUSION] encountered loading mixins.remainder.json:accessor.AccessorSession, name: me.geesy.remainder.mixin.accessor.AccessorSession
[16:13:23] [main/ERROR]: Classloader restrictions [PACKAGE_CLASSLOADER_EXCLUSION] encountered loading mixins.remainder.json:accessor.AccessorShaderGroup, name: me.geesy.remainder.mixin.accessor.AccessorShaderGroup
[16:13:23] [main/ERROR]: Classloader restrictions [PACKAGE_CLASSLOADER_EXCLUSION] encountered loading mixins.remainder.json:accessor.AccessorTimer, name: me.geesy.remainder.mixin.accessor.AccessorTimer
[16:13:23] [main/INFO]: Launching wrapped minecraft {net.minecraft.client.main.Main}
[16:13:23] [main/INFO]: Mixing MixinMinecraft from mixins.remainder.json into net.minecraft.client.Minecraft
[16:13:23] [main/INFO]: Mixing MixinGui from mixins.remainder.json into net.minecraft.client.gui.Gui
[16:13:23] [main/INFO]: Mixing MixinGuiMainMenu from mixins.remainder.json into net.minecraft.client.gui.GuiMainMenu
[16:13:23] [main/INFO]: Mixing MixinEntityPlayer from mixins.remainder.json into net.minecraft.entity.player.EntityPlayer
[16:13:23] [main/INFO]: Mixing MixinEntityPlayerSP from mixins.remainder.json into net.minecraft.client.entity.EntityPlayerSP
[16:13:23] [main/INFO]: Mixing MixinGuiIngameMenu from mixins.remainder.json into net.minecraft.client.gui.GuiIngameMenu
[16:13:24] [main/INFO]: Mixing accessor.AccessorSession from mixins.remainder.json into net.minecraft.util.Session
[16:13:24] [Client thread/INFO]: Mixing accessor.AccessorTimer from mixins.remainder.json into net.minecraft.util.Timer
[16:13:24] [Client thread/ERROR]: Can't find the resource index file: 1.8.9\assets\indexes\1.8.json
[16:13:24] [Client thread/INFO]: Setting user: Player750
[16:13:24] [Client thread/INFO]: (Session ID is token:FML:Player750)
[16:13:24] [Client thread/INFO]: Mixing MixinGameSettings from mixins.remainder.json into net.minecraft.client.settings.GameSettings
[16:13:24] [Client thread/INFO]: Mixing MixinIKeyBinding from mixins.remainder.json into net.minecraft.client.settings.KeyBinding
[16:13:24] [Client thread/INFO]: LWJGL Version: 2.9.3
[16:13:25] [Client thread/INFO]: Mixing MixinAbstractResourcePack from mixins.remainder.json into net.minecraft.client.resources.AbstractResourcePack
[16:13:25] [Client thread/INFO]: Reloading ResourceManager: Default, ! ยง4Bedless Noob ยงb200k [128x].zip
[16:13:25] [Sound Library Loader/INFO]: Starting up SoundSystem...
[16:13:25] [Thread-4/INFO]: Initializing LWJGL OpenAL
[16:13:25] [Thread-4/INFO]: (The LWJGL binding of OpenAL.  For more information, see http://www.lwjgl.org)
[16:13:25] [Thread-4/INFO]: OpenAL initialized.
[16:13:26] [Sound Library Loader/INFO]: Sound engine started
[16:13:28] [Client thread/INFO]: Created: 2048x2048 textures-atlas
[16:13:28] [Client thread/INFO]: Mixing MixinRenderPlayer from mixins.remainder.json into net.minecraft.client.renderer.entity.RenderPlayer
[16:13:28] [Client thread/INFO]: Mixing MixinItemRenderer from mixins.remainder.json into net.minecraft.client.renderer.ItemRenderer
[16:13:28] [Client thread/INFO]: Mixing MixinGuiIngame from mixins.remainder.json into net.minecraft.client.gui.GuiIngame
[16:13:28] [Client thread/INFO]: Mixing accessor.AccessorShaderGroup from mixins.remainder.json into net.minecraft.client.shader.ShaderGroup
[16:13:34] [Client thread/WARN]: Unable to play unknown soundEvent: minecraft:music.menu
[16:13:52] [Client thread/WARN]: Unable to play unknown soundEvent: minecraft:music.menu
[16:14:02] [Client thread/WARN]: Unable to play unknown soundEvent: minecraft:music.menu
[16:14:31] [Client thread/WARN]: Unable to play unknown soundEvent: minecraft:music.menu
[16:14:32] [Client thread/INFO]: Stopping!
[16:14:32] [Client thread/INFO]: SoundSystem shutting down...
[16:14:32] [Client thread/WARN]: Author: Paul Lamb, www.paulscode.com
